<?xml version="1.0" encoding="UTF-8"?>
<!-- Generated by org.testng.reporters.JUnitXMLReporter -->
<testsuite ignored="0" hostname="DESKTOP-15S6U3P" failures="0" tests="4" name="TestN" time="71.548" errors="0" timestamp="2022-11-25T12:08:13 EST">
  <testcase classname="testLayer.LoginTest" name="Title" time="0.028"/>
  <testcase classname="testLayer.LoginTest" name="Login" time="0.593"/>
  <testcase classname="testLayer.LoginTest" name="Login" time="6.158"/>
  <testcase classname="testLayer.LoginTest" name="Login" time="19.365"/>
</testsuite> <!-- TestN -->
