<?xml version="1.0" encoding="UTF-8"?>
<!-- Generated by org.testng.reporters.JUnitXMLReporter -->
<testsuite ignored="1" hostname="DESKTOP-15S6U3P" failures="0" tests="3" name="Default test" time="51.43" errors="0" timestamp="2022-11-25T12:10:16 EST">
  <testcase classname="testLayer.LoginTest" name="Login" time="3.599"/>
  <testcase classname="testLayer.LoginTest" name="Login" time="3.763"/>
  <testcase classname="testLayer.LoginTest" name="Login" time="3.615"/>
  <testcase classname="testLayer.LoginTest" name="Title" time="0.0">
    <ignored/>
  </testcase> <!-- Title -->
</testsuite> <!-- Default test -->
