<?xml version="1.0" encoding="UTF-8"?>
<testng-results ignored="1" total="4" passed="3" failed="0" skipped="0">
  <reporter-output>
  </reporter-output>
  <suite started-at="2022-11-25T12:09:25 EST" name="Default suite" finished-at="2022-11-25T12:10:16 EST" duration-ms="51430">
    <groups>
    </groups>
    <test started-at="2022-11-25T12:09:25 EST" name="Default test" finished-at="2022-11-25T12:10:16 EST" duration-ms="51430">
      <class name="testLayer.LoginTest">
        <test-method is-config="true" signature="initsetup()[pri:0, instance:testLayer.LoginTest@74751b3]" started-at="2022-11-25T12:09:26 EST" name="initsetup" finished-at="2022-11-25T12:09:35 EST" duration-ms="8826" status="PASS">
          <reporter-output>
          </reporter-output>
        </test-method> <!-- initsetup -->
        <test-method signature="Login(java.lang.String,java.lang.String)[pri:2, instance:testLayer.LoginTest@74751b3]" started-at="2022-11-25T12:09:35 EST" name="Login" data-provider="Details" finished-at="2022-11-25T12:09:38 EST" duration-ms="3599" status="PASS">
          <params>
            <param index="0">
              <value>
                <![CDATA[Admin]]>
              </value>
            </param>
            <param index="1">
              <value>
                <![CDATA[admin123]]>
              </value>
            </param>
          </params>
          <reporter-output>
          </reporter-output>
        </test-method> <!-- Login -->
        <test-method is-config="true" signature="close()[pri:0, instance:testLayer.LoginTest@74751b3]" started-at="2022-11-25T12:09:38 EST" name="close" finished-at="2022-11-25T12:09:38 EST" duration-ms="203" status="PASS">
          <reporter-output>
          </reporter-output>
        </test-method> <!-- close -->
        <test-method is-config="true" signature="initsetup()[pri:0, instance:testLayer.LoginTest@74751b3]" started-at="2022-11-25T12:09:38 EST" name="initsetup" finished-at="2022-11-25T12:09:46 EST" duration-ms="7079" status="PASS">
          <reporter-output>
          </reporter-output>
        </test-method> <!-- initsetup -->
        <test-method signature="Login(java.lang.String,java.lang.String)[pri:2, instance:testLayer.LoginTest@74751b3]" started-at="2022-11-25T12:09:46 EST" name="Login" data-provider="Details" finished-at="2022-11-25T12:09:49 EST" duration-ms="3763" status="PASS">
          <params>
            <param index="0">
              <value>
                <![CDATA[Admin]]>
              </value>
            </param>
            <param index="1">
              <value>
                <![CDATA[abcd]]>
              </value>
            </param>
          </params>
          <reporter-output>
          </reporter-output>
        </test-method> <!-- Login -->
        <test-method is-config="true" signature="close()[pri:0, instance:testLayer.LoginTest@74751b3]" started-at="2022-11-25T12:09:49 EST" name="close" finished-at="2022-11-25T12:09:50 EST" duration-ms="217" status="PASS">
          <reporter-output>
          </reporter-output>
        </test-method> <!-- close -->
        <test-method is-config="true" signature="initsetup()[pri:0, instance:testLayer.LoginTest@74751b3]" started-at="2022-11-25T12:09:50 EST" name="initsetup" finished-at="2022-11-25T12:09:56 EST" duration-ms="6948" status="PASS">
          <reporter-output>
          </reporter-output>
        </test-method> <!-- initsetup -->
        <test-method signature="Login(java.lang.String,java.lang.String)[pri:2, instance:testLayer.LoginTest@74751b3]" started-at="2022-11-25T12:09:56 EST" name="Login" data-provider="Details" finished-at="2022-11-25T12:10:00 EST" duration-ms="3615" status="PASS">
          <params>
            <param index="0">
              <value>
                <![CDATA[Scott]]>
              </value>
            </param>
            <param index="1">
              <value>
                <![CDATA[xyskh]]>
              </value>
            </param>
          </params>
          <reporter-output>
          </reporter-output>
        </test-method> <!-- Login -->
        <test-method is-config="true" signature="close()[pri:0, instance:testLayer.LoginTest@74751b3]" started-at="2022-11-25T12:10:00 EST" name="close" finished-at="2022-11-25T12:10:16 EST" duration-ms="16250" status="PASS">
          <reporter-output>
          </reporter-output>
        </test-method> <!-- close -->
      </class> <!-- testLayer.LoginTest -->
    </test> <!-- Default test -->
  </suite> <!-- Default suite -->
</testng-results>
